<?xml version="1.0" encoding="UTF-8"?>
<!-- Generated by org.testng.reporters.JUnitXMLReporter -->
<testsuite ignored="0" hostname="DESKTOP-2RKK5IL" failures="4" tests="9" name="MainTest" time="142.092" errors="0" timestamp="2025-03-15T14:26:05 IST">
  <testcase classname="testPackage.ContactTest" name="createContact" time="10.839">
    <failure type="java.lang.AssertionError" message="null">
      <![CDATA[java.lang.AssertionError: null
at testPackage.ContactTest.createContact(ContactTest.java:25)
at java.base/java.util.ArrayList.forEach(ArrayList.java:1511)
... Removed 29 stack frames]]>
    </failure>
  </testcase> <!-- createContact -->
  <testcase classname="testPackage.ContactTest" name="createContact" time="9.226">
    <failure type="java.lang.AssertionError" message="null">
      <![CDATA[java.lang.AssertionError: null
at testPackage.ContactTest.createContact(ContactTest.java:25)
at java.base/java.util.ArrayList.forEach(ArrayList.java:1511)
... Removed 29 stack frames]]>
    </failure>
  </testcase> <!-- createContact -->
  <testcase classname="testPackage.ContactTest" name="createContact" time="9.286">
    <failure type="java.lang.AssertionError" message="null">
      <![CDATA[java.lang.AssertionError: null
at testPackage.ContactTest.createContact(ContactTest.java:25)
at java.base/java.util.ArrayList.forEach(ArrayList.java:1511)
... Removed 29 stack frames]]>
    </failure>
  </testcase> <!-- createContact -->
  <testcase classname="testPackage.OraganisationTest" name="createOrganisation" time="5.604">
    <failure type="java.lang.AssertionError" message="null">
      <![CDATA[java.lang.AssertionError: null
at testPackage.OraganisationTest.createOrganisation(OraganisationTest.java:22)
at java.base/java.util.ArrayList.forEach(ArrayList.java:1511)
... Removed 29 stack frames]]>
    </failure>
  </testcase> <!-- createOrganisation -->
  <testcase classname="testPackage.AttributesTest" name="moveToCalenderPage" time="3.68"/>
  <testcase classname="testPackage.AttributesTest" name="moveToContactsPage" time="4.48"/>
  <testcase classname="testPackage.AttributesTest" name="moveToLeadsPage" time="8.077"/>
  <testcase classname="testPackage.AttributesTest" name="moveToOrganisationPage" time="2.927"/>
  <testcase classname="testPackage.VerifiacationClass" name="verify" time="0.028"/>
</testsuite> <!-- MainTest -->
