<?xml version="1.0" encoding="UTF-8"?>
<!-- Generated by org.testng.reporters.JUnitXMLReporter -->
<testsuite ignored="0" hostname="DESKTOP-2RKK5IL" failures="1" tests="1" name="Test4" time="98.387" errors="0" timestamp="2025-03-13T12:40:33 IST">
  <testcase classname="testPackage.VerifiacationClass" name="verify" time="0.038">
    <failure type="java.lang.AssertionError" message="The following asserts failed:
	expected [null] but found [Srikanth]">
      <![CDATA[java.lang.AssertionError: The following asserts failed:
expected [null] but found [Srikanth]
at testPackage.VerifiacationClass.verify(VerifiacationClass.java:34)
at java.base/java.util.ArrayList.forEach(ArrayList.java:1511)
at java.base/java.util.concurrent.FutureTask.run(FutureTask.java:264)
at java.base/java.util.concurrent.ThreadPoolExecutor.runWorker(ThreadPoolExecutor.java:1136)
at java.base/java.util.concurrent.ThreadPoolExecutor$Worker.run(ThreadPoolExecutor.java:635)
at java.base/java.lang.Thread.run(Thread.java:840)
... Removed 19 stack frames]]>
    </failure>
  </testcase> <!-- verify -->
</testsuite> <!-- Test4 -->
