<?xml version="1.0" encoding="UTF-8"?>
<!-- Generated by org.testng.reporters.JUnitXMLReporter -->
<testsuite ignored="0" hostname="DESKTOP-2RKK5IL" failures="0" tests="3" name="MainTest" time="95.158" errors="0" timestamp="2025-03-17T13:02:34 IST">
  <testcase classname="testPackage.ContactTest" name="createContact" time="15.383"/>
  <testcase classname="testPackage.ContactTest" name="createContact" time="15.279"/>
  <testcase classname="testPackage.ContactTest" name="createContact" time="14.919"/>
</testsuite> <!-- MainTest -->
