<?xml version="1.0" encoding="UTF-8"?>
<!-- Generated by org.testng.reporters.JUnitXMLReporter -->
<testsuite ignored="0" hostname="DESKTOP-2RKK5IL" failures="0" tests="3" name="Test3" time="199.883" errors="0" timestamp="2025-03-17T14:17:56 IST">
  <testcase classname="testPackage.ContactTest" name="createContact" time="32.29"/>
  <testcase classname="testPackage.ContactTest" name="createContact" time="20.342"/>
  <testcase classname="testPackage.ContactTest" name="createContact" time="21.988"/>
</testsuite> <!-- Test3 -->
