<?xml version="1.0" encoding="UTF-8"?>
<!-- Generated by org.testng.reporters.JUnitXMLReporter -->
<testsuite ignored="0" hostname="DESKTOP-2RKK5IL" failures="0" tests="3" name="Test2" time="84.529" errors="0" timestamp="2025-03-17T14:16:01 IST">
  <testcase classname="testPackage.ContactTest" name="createContact" time="27.15"/>
  <testcase classname="testPackage.ContactTest" name="createContact" time="0.0">
    <skipped/>
  </testcase> <!-- createContact -->
  <testcase classname="testPackage.ContactTest" name="createContact" time="0.0">
    <skipped/>
  </testcase> <!-- createContact -->
</testsuite> <!-- Test2 -->
