<?xml version="1.0" encoding="UTF-8"?>
<!-- Generated by org.testng.reporters.JUnitXMLReporter -->
<testsuite ignored="0" hostname="DESKTOP-2RKK5IL" failures="0" tests="7" name="Simple Test" time="211.535" errors="0" timestamp="2025-03-15T17:50:50 IST">
  <testcase classname="testPackage.ContactTest" name="createContact" time="39.32"/>
  <testcase classname="testPackage.ContactTest" name="createContact" time="11.93"/>
  <testcase classname="testPackage.ContactTest" name="createContact" time="11.485"/>
  <testcase classname="testPackage.AttributesTest" name="moveToCalenderPage" time="9.38"/>
  <testcase classname="testPackage.AttributesTest" name="moveToContactsPage" time="6.375"/>
  <testcase classname="testPackage.AttributesTest" name="moveToLeadsPage" time="9.191"/>
  <testcase classname="testPackage.AttributesTest" name="moveToOrganisationPage" time="6.465"/>
</testsuite> <!-- Simple Test -->
