<?xml version="1.0" encoding="UTF-8"?>
<!-- Generated by org.testng.reporters.JUnitXMLReporter -->
<testsuite ignored="0" hostname="DESKTOP-2RKK5IL" failures="0" tests="5" name="Smoke Test" time="118.307" errors="0" timestamp="2025-03-13T10:05:16 IST">
  <testcase classname="testPackage.ContactTest" name="createContact" time="22.575"/>
  <testcase classname="testPackage.AttributesTest" name="moveToCalenderPage" time="3.35"/>
  <testcase classname="testPackage.AttributesTest" name="moveToContactsPage" time="6.018"/>
  <testcase classname="testPackage.AttributesTest" name="moveToLeadsPage" time="9.23"/>
  <testcase classname="testPackage.AttributesTest" name="moveToOrganisationPage" time="5.217"/>
</testsuite> <!-- Smoke Test -->
