<?xml version="1.0" encoding="UTF-8"?>
<!-- Generated by org.testng.reporters.JUnitXMLReporter -->
<testsuite ignored="0" hostname="DESKTOP-2RKK5IL" failures="1" tests="1" name="Values Test" time="0.057" errors="0" timestamp="2025-03-15T18:08:12 IST">
  <testcase classname="testPackage.ScenarioTest2" name="values" time="0.0">
    <failure type="org.testng.TestNGException" message="
Parameter &amp;apos;Username&amp;apos; is required by @Test on method values but has not been marked @Optional or defined
in C:\Users\User\M1\M3Vtiger\ParameterTestng.xml">
      <![CDATA[org.testng.TestNGException: 
Parameter 'Username' is required by @Test on method values but has not been marked @Optional or defined
in C:\Users\User\M1\M3Vtiger\ParameterTestng.xml
at java.base/java.util.ArrayList.forEach(ArrayList.java:1511)
... Removed 26 stack frames]]>
    </failure>
  </testcase> <!-- values -->
</testsuite> <!-- Values Test -->
