<?xml version="1.0" encoding="UTF-8"?>
<!-- Generated by org.testng.reporters.JUnitXMLReporter -->
<testsuite ignored="0" hostname="DESKTOP-2RKK5IL" failures="0" tests="4" name="Smoke Test" time="82.523" errors="0" timestamp="2025-03-17T13:03:56 IST">
  <testcase classname="testPackage.AttributesTest" name="moveToCalenderPage" time="6.935"/>
  <testcase classname="testPackage.AttributesTest" name="moveToContactsPage" time="6.133"/>
  <testcase classname="testPackage.AttributesTest" name="moveToLeadsPage" time="8.9"/>
  <testcase classname="testPackage.AttributesTest" name="moveToOrganisationPage" time="4.696"/>
</testsuite> <!-- Smoke Test -->
