<?xml version="1.0" encoding="UTF-8"?>
<!-- Generated by org.testng.reporters.JUnitXMLReporter -->
<testsuite ignored="0" hostname="DESKTOP-2RKK5IL" failures="0" tests="3" name="ContactTest" time="120.988" errors="0" timestamp="2025-03-14T14:08:52 IST">
  <testcase classname="testPackage.ContactTest" name="createContact" time="40.751"/>
  <testcase classname="testPackage.ContactTest" name="createContact" time="13.129"/>
  <testcase classname="testPackage.ContactTest" name="createContact" time="12.097"/>
</testsuite> <!-- ContactTest -->
