<?xml version="1.0" encoding="UTF-8"?>
<!-- Generated by org.testng.reporters.JUnitXMLReporter -->
<testsuite ignored="0" hostname="DESKTOP-2RKK5IL" failures="0" tests="3" name="Test1" time="100.629" errors="0" timestamp="2025-03-17T13:20:52 IST">
  <testcase classname="testPackage.ContactTest" name="createContact" time="15.298"/>
  <testcase classname="testPackage.ContactTest" name="createContact" time="18.012"/>
  <testcase classname="testPackage.ContactTest" name="createContact" time="18.283"/>
</testsuite> <!-- Test1 -->
