<?xml version="1.0" encoding="UTF-8"?>
<!-- Generated by org.testng.reporters.JUnitXMLReporter -->
<testsuite ignored="0" hostname="DESKTOP-2RKK5IL" failures="0" tests="4" name="Test2" time="99.292" errors="0" timestamp="2025-03-17T13:20:51 IST">
  <testcase classname="testPackage.AttributesTest" name="moveToCalenderPage" time="9.417"/>
  <testcase classname="testPackage.AttributesTest" name="moveToContactsPage" time="8.043"/>
  <testcase classname="testPackage.AttributesTest" name="moveToLeadsPage" time="8.146"/>
  <testcase classname="testPackage.AttributesTest" name="moveToOrganisationPage" time="6.444"/>
</testsuite> <!-- Test2 -->
