<?xml version="1.0" encoding="UTF-8"?>
<!-- Generated by org.testng.reporters.JUnitReportReporter -->
<testsuite hostname="DESKTOP-2RKK5IL" failures="0" tests="3" name="testPackage.ContactTest" time="122.263" errors="0" timestamp="2025-03-15T17:50:51 IST" skipped="0">
  <testcase classname="testPackage.ContactTest" name="createContact" time="48.477">
    <system-out>
      <![CDATA[createContact testcase execution started]]>
    </system-out>
  </testcase> <!-- createContact -->
  <testcase classname="testPackage.ContactTest" name="createContact" time="42.161">
    <system-out>
      <![CDATA[createContact testcase execution started]]>
    </system-out>
  </testcase> <!-- createContact -->
  <testcase classname="testPackage.ContactTest" name="createContact" time="31.625">
    <system-out>
      <![CDATA[createContact testcase execution started]]>
    </system-out>
  </testcase> <!-- createContact -->
  <system-out>
    <![CDATA[---Execution Started---
createContact testcase execution started
createContact testcase execution started
createContact testcase execution started
moveToCalenderPage testcase execution started
moveToContactsPage testcase execution started
moveToLeadsPage testcase execution started
moveToOrganisationPage testcase execution started]]>
  </system-out>
</testsuite> <!-- testPackage.ContactTest -->
