<?xml version="1.0" encoding="UTF-8"?>
<!-- Generated by org.testng.reporters.JUnitReportReporter -->
<testsuite hostname="DESKTOP-2RKK5IL" failures="0" tests="4" name="testPackage.AttributesTest" time="88.401" errors="0" timestamp="2025-03-15T17:50:51 IST" skipped="0">
  <testcase classname="testPackage.AttributesTest" name="moveToContactsPage" time="19.457">
    <system-out>
      <![CDATA[moveToContactsPage testcase execution started]]>
    </system-out>
  </testcase> <!-- moveToContactsPage -->
  <testcase classname="testPackage.AttributesTest" name="moveToLeadsPage" time="24.551">
    <system-out>
      <![CDATA[moveToLeadsPage testcase execution started]]>
    </system-out>
  </testcase> <!-- moveToLeadsPage -->
  <testcase classname="testPackage.AttributesTest" name="moveToOrganisationPage" time="19.932">
    <system-out>
      <![CDATA[moveToOrganisationPage testcase execution started]]>
    </system-out>
  </testcase> <!-- moveToOrganisationPage -->
  <testcase classname="testPackage.AttributesTest" name="moveToCalenderPage" time="24.461">
    <system-out>
      <![CDATA[moveToCalenderPage testcase execution started]]>
    </system-out>
  </testcase> <!-- moveToCalenderPage -->
  <system-out>
    <![CDATA[---Execution Started---
createContact testcase execution started
createContact testcase execution started
createContact testcase execution started
moveToCalenderPage testcase execution started
moveToContactsPage testcase execution started
moveToLeadsPage testcase execution started
moveToOrganisationPage testcase execution started]]>
  </system-out>
</testsuite> <!-- testPackage.AttributesTest -->
