<?xml version="1.0" encoding="UTF-8"?>
<!-- Generated by org.testng.reporters.JUnitReportReporter -->
<testsuite hostname="DESKTOP-2RKK5IL" failures="0" tests="3" name="testPackage.DataSupply" time="0.010" errors="0" timestamp="2025-03-14T13:46:00 IST" skipped="0">
  <testcase classname="testPackage.DataSupply" name="contactDetails" time="0.007"/>
  <testcase classname="testPackage.DataSupply" name="contactDetails" time="0.001"/>
  <testcase classname="testPackage.DataSupply" name="contactDetails" time="0.002"/>
</testsuite> <!-- testPackage.DataSupply -->
