<?xml version="1.0" encoding="UTF-8"?>
<!-- Generated by org.testng.reporters.JUnitReportReporter -->
<testsuite hostname="DESKTOP-2RKK5IL" failures="0" tests="3" name="testPackage.VerifiacationClass" time="0.035" errors="0" timestamp="2025-03-17T14:14:04 IST" skipped="0">
  <testcase classname="testPackage.VerifiacationClass" name="verify" time="0.000"/>
  <testcase classname="testPackage.VerifiacationClass" name="verify" time="0.033"/>
  <testcase classname="testPackage.VerifiacationClass" name="verify" time="0.002"/>
</testsuite> <!-- testPackage.VerifiacationClass -->
