<?xml version="1.0" encoding="UTF-8"?>
<!-- Generated by org.testng.reporters.JUnitXMLReporter -->
<testsuite ignored="7" hostname="DESKTOP-2RKK5IL" failures="0" tests="2" name="group Test" time="39.395" errors="0" timestamp="2025-03-13T11:38:11 IST">
  <testcase classname="testPackage.AttributesTest" name="moveToContactsPage" time="5.371"/>
  <testcase classname="testPackage.ScenarioTest2" name="TestCase3" time="0.003"/>
  <testcase classname="testPackage.ScenarioTest2" name="TestCase4" time="0.0">
    <ignored/>
  </testcase> <!-- TestCase4 -->
  <testcase classname="testPackage.ContactTest" name="createContact" time="0.0">
    <ignored/>
  </testcase> <!-- createContact -->
  <testcase classname="testPackage.OraganisationTest" name="createOrganisation" time="0.0">
    <ignored/>
  </testcase> <!-- createOrganisation -->
  <testcase classname="testPackage.AttributesTest" name="moveToOrganisationPage" time="0.0">
    <ignored/>
  </testcase> <!-- moveToOrganisationPage -->
  <testcase classname="testPackage.AttributesTest" name="moveToCalenderPage" time="0.0">
    <ignored/>
  </testcase> <!-- moveToCalenderPage -->
  <testcase classname="testPackage.VerifiacationClass" name="verify" time="0.0">
    <ignored/>
  </testcase> <!-- verify -->
  <testcase classname="testPackage.AttributesTest" name="moveToLeadsPage" time="0.0">
    <ignored/>
  </testcase> <!-- moveToLeadsPage -->
</testsuite> <!-- group Test -->
